<?xml version="1.0" encoding="UTF-8"?>
<!-- Generated by org.testng.reporters.JUnitReportReporter -->
<testsuite hostname="TG5CD2141TFJ" failures="0" tests="1" name="test.java.main.GoogleTests" time="1.322" errors="0" timestamp="2023-08-30T00:06:17 CLT" skipped="0">
  <testcase classname="test.java.main.GoogleTests" name="obtenerSegundoResultado" time="1.322"/>
  <system-out/>
</testsuite> <!-- test.java.main.GoogleTests -->
